2024-10-22 13:30:23,028 - INFO - Plugin 'GreetPlugin' registered successfully.
2024-10-22 13:30:23,028 - INFO - Application started. Type 'exit' to exit.
2024-10-22 13:30:33,364 - ERROR - Unknown command: menu
2024-10-22 13:30:58,055 - INFO - Subtracted 5.0 - 3.0 = 2.0
2024-10-22 13:30:58,055 - INFO - Result of subtract: 2.0
2024-10-22 13:31:20,131 - INFO - Added 3.0 + 4.0 = 7.0
2024-10-22 13:31:20,132 - INFO - Result of add: 7.0
2024-10-22 13:31:33,796 - INFO - Saving history.
2024-10-22 13:31:33,799 - INFO - History saved to 'calculation_history.csv'.
2024-10-22 13:31:40,831 - INFO - Loading history.
2024-10-22 13:31:40,835 - INFO - History loaded from 'calculation_history.csv':
Subtracted 5.0 - 3.0 = 2.0
Added 3.0 + 4.0 = 7.0
2024-10-22 13:43:00,670 - INFO - Exiting the calculator.
2024-10-22 13:47:23,579 - INFO - Plugin 'Test' registered successfully.
2024-10-22 13:47:23,580 - INFO - Plugin 'GreetPlugin' registered successfully.
2024-10-22 13:47:23,580 - INFO - Calculator REPL started.
2024-10-22 13:47:23,580 - INFO - Type 'exit' to exit.
2024-10-22 13:47:38,835 - ERROR - Error executing command 'greet': GreetPlugin.execute() missing 2 required positional arguments: 'arg1' and 'arg2'
2024-10-22 13:53:14,127 - INFO - Exiting the calculator.
2024-10-22 13:53:22,221 - INFO - Plugin 'TimePlugin' registered successfully.
2024-10-22 13:53:22,221 - INFO - Plugin 'Test' registered successfully.
2024-10-22 13:53:22,221 - INFO - Plugin 'GreetPlugin' registered successfully.
2024-10-22 13:53:22,221 - INFO - Calculator REPL started.
2024-10-22 13:53:22,221 - INFO - Type 'exit' to exit.
2024-10-22 13:53:31,974 - INFO - Exiting the calculator.
